Start testing: Jun 07 16:20 PDT
----------------------------------------------------------
1/4 Testing: TestSerializationSeekrForce
1/4 Test: TestSerializationSeekrForce
Command: "/home/astokely/planar/openseekr/plugin/build/serialization/tests/TestSerializationSeekrForce"
Directory: /home/astokely/planar/openseekr/plugin/build/serialization/tests
"TestSerializationSeekrForce" start time: Jun 07 16:20 PDT
Output:
----------------------------------------------------------
mark 1
<end of output>
Test time =   0.12 sec
----------------------------------------------------------
Test Failed.
"TestSerializationSeekrForce" end time: Jun 07 16:20 PDT
"TestSerializationSeekrForce" time elapsed: 00:00:00
----------------------------------------------------------

2/4 Testing: TestCudaSeekrForceSingle
2/4 Test: TestCudaSeekrForceSingle
Command: "/home/astokely/planar/openseekr/plugin/build/platforms/cuda/tests/TestCudaSeekrForce" "single"
Directory: /home/astokely/planar/openseekr/plugin/build/platforms/cuda/tests
"TestCudaSeekrForceSingle" start time: Jun 07 16:20 PDT
Output:
----------------------------------------------------------
Done
<end of output>
Test time =   0.01 sec
----------------------------------------------------------
Test Passed.
"TestCudaSeekrForceSingle" end time: Jun 07 16:20 PDT
"TestCudaSeekrForceSingle" time elapsed: 00:00:00
----------------------------------------------------------

3/4 Testing: TestCudaSeekrForceMixed
3/4 Test: TestCudaSeekrForceMixed
Command: "/home/astokely/planar/openseekr/plugin/build/platforms/cuda/tests/TestCudaSeekrForce" "mixed"
Directory: /home/astokely/planar/openseekr/plugin/build/platforms/cuda/tests
"TestCudaSeekrForceMixed" start time: Jun 07 16:20 PDT
Output:
----------------------------------------------------------
Done
<end of output>
Test time =   0.01 sec
----------------------------------------------------------
Test Passed.
"TestCudaSeekrForceMixed" end time: Jun 07 16:20 PDT
"TestCudaSeekrForceMixed" time elapsed: 00:00:00
----------------------------------------------------------

4/4 Testing: TestCudaSeekrForceDouble
4/4 Test: TestCudaSeekrForceDouble
Command: "/home/astokely/planar/openseekr/plugin/build/platforms/cuda/tests/TestCudaSeekrForce" "double"
Directory: /home/astokely/planar/openseekr/plugin/build/platforms/cuda/tests
"TestCudaSeekrForceDouble" start time: Jun 07 16:20 PDT
Output:
----------------------------------------------------------
Done
<end of output>
Test time =   0.00 sec
----------------------------------------------------------
Test Passed.
"TestCudaSeekrForceDouble" end time: Jun 07 16:20 PDT
"TestCudaSeekrForceDouble" time elapsed: 00:00:00
----------------------------------------------------------

End testing: Jun 07 16:20 PDT
